<?xml version="1.0" encoding="UTF-8"?>
<!-- Generated by org.testng.reporters.JUnitReportReporter -->
<testsuite hostname="AR-IT03963" failures="0" tests="1" name="com.travelocity.runner.AbstractCucumberRunner" time="43.715" errors="0" timestamp="05 Sep 2019 23:34:04 GMT" skipped="0">
  <testcase classname="com.travelocity.runner.AbstractCucumberRunner" name="feature" time="43.715"/>
</testsuite> <!-- com.travelocity.runner.AbstractCucumberRunner -->
