<?xml version="1.0" encoding="UTF-8"?>
<!-- Generated by org.testng.reporters.JUnitReportReporter -->
<testsuite hostname="AR-IT03963" failures="0" tests="1" name="com.travelocity.runner.AbstractCucumberRunner" time="41.644" errors="0" timestamp="06 Sep 2019 00:03:48 GMT" skipped="0">
  <testcase classname="com.travelocity.runner.AbstractCucumberRunner" name="feature" time="41.644"/>
</testsuite> <!-- com.travelocity.runner.AbstractCucumberRunner -->
